#
# An unexpected error has been detected by Java Runtime Environment:
#
#  EXCEPTION_ACCESS_VIOLATION (0xc0000005) at pc=0x000000007ad3ace1, pid=7724, tid=9212
#
# Java VM: Java HotSpot(TM) 64-Bit Server VM (11.2-b01 mixed mode windows-amd64)
# Problematic frame:
# C  [mcr.dll+0x4ace1]
#
# If you would like to submit a bug report, please visit:
#   http://java.sun.com/webapps/bugreport/crash.jsp
# The crash happened outside the Java Virtual Machine in native code.
# See problematic frame for where to report the bug.
#

---------------  T H R E A D  ---------------

Current thread (0x0000000001749400):  JavaThread "main" [_thread_in_native, id=9212, stack(0x0000000000030000,0x0000000001030000)]

siginfo: ExceptionCode=0xc0000005, reading address 0x0000000000000060

Registers:
EAX=0x0000000000000001, EBX=0x0000000001900980, ECX=0x000000007737f8ba, EDX=0x0000000000000000
ESP=0x000000000102e160, EBP=0x0000000000000000, ESI=0x0000000001900998, EDI=0x0000000000000000
EIP=0x000000007ad3ace1, EFLAGS=0x0000000000010202

Top of Stack: (sp=0x000000000102e160)
0x000000000102e160:   000000000e1cb9c8 000000000102e720
0x000000000102e170:   73726573555c3a43 45494a4e41485a5c
0x000000000102e180:   fffffffffffffffe 00000000000023fc
0x000000000102e190:   0000000000000000 0000000000000000
0x000000000102e1a0:   0000000000000000 0000000000000000
0x000000000102e1b0:   000000003144be70 000000007acf15bf
0x000000000102e1c0:   0000000001900980 000000000102e288
0x000000000102e1d0:   0000000000000200 0000000000000000
0x000000000102e1e0:   00000000ffffffff 000000007ad423cd
0x000000000102e1f0:   0000000000200000 0000000001901bd0
0x000000000102e200:   000000000102e240 000000000102e240
0x000000000102e210:   0000000000000020 0000000000000020
0x000000000102e220:   00000000ffffffff 000000007736a6ad
0x000000000102e230:   0000000001907a40 0000000000000000
0x000000000102e240:   0000000001840000 0000000078a06d33
0x000000000102e250:   000000000184bb0f 000000000102e338 

Instructions: (pc=0x000000007ad3ace1)
0x000000007ad3acd1:   24 60 ff 15 e7 e1 00 00 90 48 8b 3d 97 c9 03 00
0x000000007ad3ace1:   48 39 7d 60 75 06 80 7d 59 00 75 6a 48 85 ff 74 


Stack: [0x0000000000030000,0x0000000001030000],  sp=0x000000000102e160,  free space=16376k
Native frames: (J=compiled Java code, j=interpreted, Vv=VM code, C=native code)
C  [mcr.dll+0x4ace1]

[error occurred during error reporting (printing native stack), id 0xc0000005]

Java frames: (J=compiled Java code, j=interpreted, Vv=VM code)
j  com.mathworks.jmi.NativeMatlab.SendMatlabMessage(Ljava/lang/Object;)Ljava/lang/Object;+0
j  com.mathworks.jmi.NativeMatlab.sendMatlabMessage(Ljava/lang/Object;)Ljava/lang/Object;+22
j  com.mathworks.jmi.MatlabLooper.sendMatlabMessage(Lcom/mathworks/services/message/MWMessage;)Ljava/lang/Object;+20
j  com.mathworks.jmi.Matlab.mtFevalConsoleOutput(Ljava/lang/String;[Ljava/lang/Object;I)Ljava/lang/Object;+58
j  com.mathworks.mde.desk.MLDesktop$9.run()V+14
j  com.mathworks.jmi.NativeMatlab.dispatchMTRequests(Z)V+50
v  ~StubRoutines::call_stub

---------------  P R O C E S S  ---------------

Java Threads: ( => current thread )
  0x000000002b6bcc00 JavaThread "Thread-36" [_thread_blocked, id=5844, stack(0x000000002d620000,0x000000002d6a0000)]
  0x000000002b6bc800 JavaThread "Thread-35" [_thread_blocked, id=8556, stack(0x000000002d5a0000,0x000000002d620000)]
  0x000000002b6bc000 JavaThread "Thread-34" [_thread_blocked, id=6648, stack(0x000000002bd50000,0x000000002bdd0000)]
  0x000000002b6bb800 JavaThread "Thread-33" [_thread_blocked, id=4312, stack(0x0000000025900000,0x0000000025980000)]
  0x000000002b6bb000 JavaThread "Thread-32" [_thread_blocked, id=3876, stack(0x0000000025980000,0x0000000025a00000)]
  0x000000002b6bac00 JavaThread "Thread-31" [_thread_blocked, id=6424, stack(0x000000002d520000,0x000000002d5a0000)]
  0x000000002b6ba400 JavaThread "Thread-30" [_thread_blocked, id=9416, stack(0x000000002d4a0000,0x000000002d520000)]
  0x000000002b760800 JavaThread "Thread-29" [_thread_blocked, id=8092, stack(0x000000002d420000,0x000000002d4a0000)]
  0x000000002b760000 JavaThread "Thread-28" [_thread_blocked, id=6136, stack(0x000000002d3a0000,0x000000002d420000)]
  0x000000002b75fc00 JavaThread "Thread-27" [_thread_blocked, id=4596, stack(0x000000002d320000,0x000000002d3a0000)]
  0x000000002b75f400 JavaThread "Thread-26" [_thread_blocked, id=10092, stack(0x000000002d2a0000,0x000000002d320000)]
  0x000000002b75ec00 JavaThread "Thread-25" [_thread_blocked, id=8892, stack(0x000000002d220000,0x000000002d2a0000)]
  0x000000002b75e400 JavaThread "Thread-24" [_thread_blocked, id=3888, stack(0x000000002d1a0000,0x000000002d220000)]
  0x000000002b75e000 JavaThread "Thread-23" [_thread_blocked, id=9720, stack(0x000000002e960000,0x000000002e9e0000)]
  0x000000002b75d800 JavaThread "Thread-22" [_thread_blocked, id=6456, stack(0x000000002e8e0000,0x000000002e960000)]
  0x000000002b75d000 JavaThread "Thread-21" [_thread_blocked, id=9324, stack(0x000000002d860000,0x000000002d8e0000)]
  0x000000002b08f800 JavaThread "Active Reference Queue Daemon" daemon [_thread_blocked, id=7284, stack(0x000000002d120000,0x000000002d1a0000)]
  0x000000002b08f000 JavaThread "Timer-14" daemon [_thread_blocked, id=7420, stack(0x000000002d0a0000,0x000000002d120000)]
  0x000000002b08dc00 JavaThread "FelixPackageAdmin" daemon [_thread_blocked, id=8380, stack(0x000000002cf20000,0x000000002cfa0000)]
  0x000000002b08e800 JavaThread "FelixStartLevel" daemon [_thread_blocked, id=6948, stack(0x000000002d020000,0x000000002d0a0000)]
  0x000000002b08cc00 JavaThread "FelixDispatchQueue" [_thread_blocked, id=8476, stack(0x000000002cfa0000,0x000000002d020000)]
  0x000000002b08e000 JavaThread "Timer-13" daemon [_thread_blocked, id=3636, stack(0x0000000025da0000,0x0000000025e20000)]
  0x000000002b08bc00 JavaThread "Timer-1" [_thread_blocked, id=2876, stack(0x0000000025a10000,0x0000000025a90000)]
  0x000000002999a000 JavaThread "TimerQueue" daemon [_thread_blocked, id=9928, stack(0x0000000025880000,0x0000000025900000)]
  0x000000002a25f400 JavaThread "AWT-EventQueue-0" [_thread_blocked, id=7920, stack(0x000000002bdd0000,0x000000002be50000)]
  0x000000002a439800 JavaThread "AWT-Shutdown" [_thread_blocked, id=4496, stack(0x000000002a650000,0x000000002a6d0000)]
  0x000000002a12a000 JavaThread "AWT-Windows" daemon [_thread_in_native, id=9308, stack(0x000000002a5d0000,0x000000002a650000)]
  0x000000002a0c6c00 JavaThread "Java2D Disposer" daemon [_thread_blocked, id=9180, stack(0x000000002a4d0000,0x000000002a550000)]
  0x0000000029871000 JavaThread "Timer-0" [_thread_blocked, id=6556, stack(0x0000000029c50000,0x0000000029cd0000)]
  0x0000000029914400 JavaThread "JMI Unnamed Thread" [_thread_in_native, id=8460, stack(0x0000000005d30000,0x0000000006d30000)]
  0x00000000244a5000 JavaThread "Low Memory Detector" daemon [_thread_blocked, id=2840, stack(0x0000000025760000,0x00000000257e0000)]
  0x00000000244a1800 JavaThread "CompilerThread1" daemon [_thread_blocked, id=8160, stack(0x0000000027850000,0x0000000028850000)]
  0x000000002449e400 JavaThread "CompilerThread0" daemon [_thread_blocked, id=10132, stack(0x0000000026850000,0x0000000027850000)]
  0x0000000024450c00 JavaThread "Attach Listener" daemon [_thread_blocked, id=4552, stack(0x00000000256e0000,0x0000000025760000)]
  0x0000000024443400 JavaThread "Finalizer" daemon [_thread_blocked, id=6856, stack(0x0000000025660000,0x00000000256e0000)]
  0x0000000024442800 JavaThread "Reference Handler" daemon [_thread_blocked, id=6508, stack(0x00000000255e0000,0x0000000025660000)]
=>0x0000000001749400 JavaThread "main" [_thread_in_native, id=9212, stack(0x0000000000030000,0x0000000001030000)]

Other Threads:
  0x0000000024440c00 VMThread [stack: 0x00000000245e0000,0x00000000255e0000] [id=6968]
  0x00000000244d7000 WatcherThread [stack: 0x0000000028850000,0x0000000029850000] [id=8660]

VM state:not at safepoint (normal execution)

VM Mutex/Monitor currently owned by a thread: None

Heap
 PSYoungGen      total 39360K, used 33922K [0x000000001f230000, 0x0000000022280000, 0x0000000022330000)
  eden space 29760K, 96% used [0x000000001f230000,0x0000000020e27a68,0x0000000020f40000)
  from space 9600K, 55% used [0x0000000020f40000,0x0000000021468ed8,0x00000000218a0000)
  to   space 9344K, 0% used [0x0000000021960000,0x0000000021960000,0x0000000022280000)
 PSOldGen        total 64064K, used 50109K [0x0000000015f30000, 0x0000000019dc0000, 0x000000001f230000)
  object space 64064K, 78% used [0x0000000015f30000,0x000000001901f798,0x0000000019dc0000)
 PSPermGen       total 84096K, used 43390K [0x000000000df30000, 0x0000000013150000, 0x0000000015f30000)
  object space 84096K, 51% used [0x000000000df30000,0x000000001098fa98,0x0000000013150000)

Dynamic libraries:
0x0000000140000000 - 0x0000000140038000 	C:\Program Files\MATLAB\R2009b\bin\win64\matlab.exe
0x0000000077330000 - 0x00000000774dc000 	C:\Windows\SYSTEM32\ntdll.dll
0x0000000077110000 - 0x000000007722f000 	C:\Windows\system32\kernel32.dll
0x000007fefca70000 - 0x000007fefcadb000 	C:\Windows\system32\KERNELBASE.dll
0x000000007cdb0000 - 0x000000007ceb9000 	C:\Program Files\MATLAB\R2009b\bin\win64\libut.dll
0x000007fefdb40000 - 0x000007fefdb57000 	C:\Windows\system32\imagehlp.dll
0x000007fefcce0000 - 0x000007fefcd7f000 	C:\Windows\system32\msvcrt.dll
0x0000000077500000 - 0x0000000077507000 	C:\Windows\system32\PSAPI.DLL
0x000000007d620000 - 0x000000007d648000 	C:\Program Files\MATLAB\R2009b\bin\win64\LIBEXPAT.dll
0x0000000073e90000 - 0x0000000073f59000 	C:\Windows\WinSxS\amd64_microsoft.vc80.crt_1fc8b3b9a1e18e3b_8.0.50727.4927_none_88dce9872fb18caf\MSVCR80.dll
0x000000007d320000 - 0x000000007d44c000 	C:\Program Files\MATLAB\R2009b\bin\win64\icuuc40.dll
0x000007fefd540000 - 0x000007fefd61b000 	C:\Windows\system32\ADVAPI32.dll
0x000007fefd320000 - 0x000007fefd33f000 	C:\Windows\SYSTEM32\sechost.dll
0x000007fefd620000 - 0x000007fefd74e000 	C:\Windows\system32\RPCRT4.dll
0x000000007c760000 - 0x000000007c763000 	C:\Program Files\MATLAB\R2009b\bin\win64\icudt40.dll
0x000000007c770000 - 0x000000007c780000 	C:\Program Files\MATLAB\R2009b\bin\win64\icuio40.dll
0x000000007ca60000 - 0x000000007cbb3000 	C:\Program Files\MATLAB\R2009b\bin\win64\icuin40.dll
0x0000000067090000 - 0x0000000067199000 	C:\Windows\WinSxS\amd64_microsoft.vc80.crt_1fc8b3b9a1e18e3b_8.0.50727.4927_none_88dce9872fb18caf\MSVCP80.dll
0x0000000077230000 - 0x000000007732a000 	C:\Windows\system32\USER32.dll
0x000007fefdb60000 - 0x000007fefdbc7000 	C:\Windows\system32\GDI32.dll
0x000007fefcc00000 - 0x000007fefcc0e000 	C:\Windows\system32\LPK.dll
0x000007fefcc10000 - 0x000007fefccda000 	C:\Windows\system32\USP10.dll
0x0000000078820000 - 0x0000000078890000 	C:\Program Files\MATLAB\R2009b\bin\win64\libmwfl.dll
0x000000007e820000 - 0x000000007e82f000 	C:\Program Files\MATLAB\R2009b\bin\win64\boost_date_time-vc80-mt-1_36.dll
0x000000007e800000 - 0x000000007e816000 	C:\Program Files\MATLAB\R2009b\bin\win64\boost_signals-vc80-mt-1_36.dll
0x000000007dae0000 - 0x000000007dae9000 	C:\Program Files\MATLAB\R2009b\bin\win64\boost_system-vc80-mt-1_36.dll
0x000000007c740000 - 0x000000007c751000 	C:\Program Files\MATLAB\R2009b\bin\win64\boost_thread-vc80-mt-1_36.dll
0x000000007cf70000 - 0x000000007d1e1000 	C:\Program Files\MATLAB\R2009b\bin\win64\libmwservices.dll
0x000000007cec0000 - 0x000000007cf6f000 	C:\Program Files\MATLAB\R2009b\bin\win64\libmx.dll
0x0000000079070000 - 0x0000000079087000 	C:\Program Files\MATLAB\R2009b\bin\win64\zlib1.dll
0x000000007d1f0000 - 0x000000007d318000 	C:\Program Files\MATLAB\R2009b\bin\win64\libmwmathutil.dll
0x000000007a660000 - 0x000000007a6b8000 	C:\Program Files\MATLAB\R2009b\bin\win64\mpath.dll
0x000000007d650000 - 0x000000007d6a1000 	C:\Program Files\MATLAB\R2009b\bin\win64\mlutil.dll
0x00000000787b0000 - 0x00000000787ee000 	C:\Program Files\MATLAB\R2009b\bin\win64\tbb.dll
0x000007fef8d60000 - 0x000007fef8e00000 	C:\Windows\WinSxS\amd64_microsoft.windows.common-controls_6595b64144ccf1df_5.82.7600.16661_none_a44e1fc257f685f6\COMCTL32.dll
0x000007fefe960000 - 0x000007fefe9f8000 	C:\Windows\system32\comdlg32.dll
0x000007fefea00000 - 0x000007fefea71000 	C:\Windows\system32\SHLWAPI.dll
0x000007fefdbd0000 - 0x000007fefe956000 	C:\Windows\system32\SHELL32.dll
0x000007fef9fe0000 - 0x000007fef9ff6000 	C:\Windows\system32\NETAPI32.dll
0x000007fef9fd0000 - 0x000007fef9fdc000 	C:\Windows\system32\netutils.dll
0x000007fefc570000 - 0x000007fefc593000 	C:\Windows\system32\srvcli.dll
0x000007fef9fb0000 - 0x000007fef9fc5000 	C:\Windows\system32\wkscli.dll
0x000007fefd090000 - 0x000007fefd0dd000 	C:\Windows\system32\WS2_32.dll
0x000007fefce20000 - 0x000007fefce28000 	C:\Windows\system32\NSI.dll
0x000000007eaa0000 - 0x000000007eabd000 	C:\Program Files\MATLAB\R2009b\bin\win64\boost_filesystem-vc80-mt-1_36.dll
0x000000007acf0000 - 0x000000007ad87000 	C:\Program Files\MATLAB\R2009b\bin\win64\mcr.dll
0x000000007c780000 - 0x000000007c80c000 	C:\Program Files\MATLAB\R2009b\bin\win64\iqm.dll
0x000000007b440000 - 0x000000007bd40000 	C:\Program Files\MATLAB\R2009b\bin\win64\m_interpreter.dll
0x000000007c830000 - 0x000000007c840000 	C:\Program Files\MATLAB\R2009b\bin\win64\libmex.dll
0x000000007ab60000 - 0x000000007ac0b000 	C:\Program Files\MATLAB\R2009b\bin\win64\m_dispatcher.dll
0x000000007e720000 - 0x000000007e7ac000 	C:\Program Files\MATLAB\R2009b\bin\win64\xmlcore.dll
0x000000007a020000 - 0x000000007a2b5000 	C:\Program Files\MATLAB\R2009b\bin\win64\xerces-c_2_7.dll
0x000000007e980000 - 0x000000007ea71000 	C:\Program Files\MATLAB\R2009b\bin\win64\boost_regex-vc80-mt-1_36.dll
0x000000007aa00000 - 0x000000007aa91000 	C:\Program Files\MATLAB\R2009b\bin\win64\profiler.dll
0x000000007c8b0000 - 0x000000007c8da000 	C:\Program Files\MATLAB\R2009b\bin\win64\libmwmathrng.dll
0x0000000078fd0000 - 0x0000000078fea000 	C:\Program Files\MATLAB\R2009b\bin\win64\m_pcodeio.dll
0x000000007a610000 - 0x000000007a65d000 	C:\Program Files\MATLAB\R2009b\bin\win64\m_ir.dll
0x000000007ae40000 - 0x000000007b433000 	C:\Program Files\MATLAB\R2009b\bin\win64\m_parser.dll
0x000000007c810000 - 0x000000007c824000 	C:\Program Files\MATLAB\R2009b\bin\win64\ir_xfmr.dll
0x0000000078890000 - 0x0000000078b39000 	C:\Program Files\MATLAB\R2009b\bin\win64\mcos.dll
0x000000007c8f0000 - 0x000000007c8fc000 	C:\Program Files\MATLAB\R2009b\bin\win64\mtok.dll
0x0000000078fb0000 - 0x0000000078fd0000 	C:\Program Files\MATLAB\R2009b\bin\win64\m_pcodegen.dll
0x000007fefa480000 - 0x000007fefa5a5000 	C:\Windows\system32\dbghelp.dll
0x0000000078ec0000 - 0x0000000078ee4000 	C:\Program Files\MATLAB\R2009b\bin\win64\bridge.dll
0x000000007c3d0000 - 0x000000007c490000 	C:\Program Files\MATLAB\R2009b\bin\win64\udd.dll
0x000000007d450000 - 0x000000007d59d000 	C:\Program Files\MATLAB\R2009b\bin\win64\libmwgui.dll
0x00000000790e0000 - 0x000000007980b000 	C:\Program Files\MATLAB\R2009b\bin\win64\hg.dll
0x0000000078ef0000 - 0x0000000078f2c000 	C:\Program Files\MATLAB\R2009b\bin\win64\libmat.dll
0x000000007cbc0000 - 0x000000007cdae000 	C:\Program Files\MATLAB\R2009b\bin\win64\libhdf5.dll
0x000000007a550000 - 0x000000007a5af000 	C:\Program Files\MATLAB\R2009b\bin\win64\jmi.dll
0x000000007a490000 - 0x000000007a4d0000 	C:\Program Files\MATLAB\R2009b\bin\win64\libmwhardcopy.dll
0x000000007a5b0000 - 0x000000007a60a000 	C:\Program Files\MATLAB\R2009b\bin\win64\libuij.dll
0x0000000078680000 - 0x00000000787ab000 	C:\Program Files\MATLAB\R2009b\bin\win64\hgdatatypes.dll
0x0000000078630000 - 0x000000007867b000 	C:\Program Files\MATLAB\R2009b\bin\win64\hgutils.dll
0x0000000078f30000 - 0x0000000078fa5000 	C:\Program Files\MATLAB\R2009b\bin\win64\libmwlapack.dll
0x000000007c850000 - 0x000000007c863000 	C:\Program Files\MATLAB\R2009b\bin\win64\libmwbinder.dll
0x000000007c490000 - 0x000000007c73e000 	C:\Program Files\MATLAB\R2009b\bin\win64\uiw.dll
0x000000007c930000 - 0x000000007c93a000 	C:\Program Files\MATLAB\R2009b\bin\win64\uinone.dll
0x000000006b030000 - 0x000000006b1cc000 	C:\Windows\WinSxS\amd64_microsoft.vc80.mfc_1fc8b3b9a1e18e3b_8.0.50727.4053_none_8444db7d32915e4c\MFC80.DLL
0x000007fefa1b0000 - 0x000007fefa220000 	C:\Windows\system32\WINSPOOL.DRV
0x000007fefd930000 - 0x000007fefdb32000 	C:\Windows\system32\ole32.dll
0x000007fefea80000 - 0x000007fefeb57000 	C:\Windows\system32\OLEAUT32.dll
0x000000007ad90000 - 0x000000007ae3f000 	C:\Program Files\MATLAB\R2009b\bin\win64\udd_mi.dll
0x0000000078ff0000 - 0x0000000079008000 	C:\Program Files\MATLAB\R2009b\bin\win64\mwoles05.DLL
0x000000007a990000 - 0x000000007a9fa000 	C:\Program Files\MATLAB\R2009b\bin\win64\comcli.dll
0x000000006e2b0000 - 0x000000006e2d0000 	C:\Windows\WinSxS\amd64_microsoft.vc80.atl_1fc8b3b9a1e18e3b_8.0.50727.4053_none_8a1a02152edb659b\ATL80.DLL
0x000000007c8e0000 - 0x000000007c8ee000 	C:\Program Files\MATLAB\R2009b\bin\win64\mlautoregister.dll
0x000007fefc680000 - 0x000007fefc6d7000 	C:\Windows\system32\apphelp.dll
0x000007fef29a0000 - 0x000007fef29f1000 	C:\Windows\AppPatch\AppPatch64\AcGenral.DLL
0x000007fefc650000 - 0x000007fefc675000 	C:\Windows\system32\SspiCli.dll
0x0000000073510000 - 0x0000000073513000 	C:\Windows\system32\sfc.dll
0x000007fef43a0000 - 0x000007fef43b0000 	C:\Windows\system32\sfc_os.DLL
0x000007fefbaf0000 - 0x000007fefbb0e000 	C:\Windows\system32\USERENV.dll
0x000007fefc7b0000 - 0x000007fefc7bf000 	C:\Windows\system32\profapi.dll
0x000007fefaa90000 - 0x000007fefaaa8000 	C:\Windows\system32\dwmapi.dll
0x000007fefac90000 - 0x000007fefaca8000 	C:\Windows\system32\MPR.dll
0x000007fefd510000 - 0x000007fefd53e000 	C:\Windows\system32\IMM32.DLL
0x000007fefd0e0000 - 0x000007fefd1e9000 	C:\Windows\system32\MSCTF.dll
0x0000000071220000 - 0x000000007122d000 	C:\Windows\WinSxS\amd64_microsoft.vc80.mfcloc_1fc8b3b9a1e18e3b_8.0.50727.762_none_fc42961a63b5a82b\MFC80ENU.DLL
0x000007fefb020000 - 0x000007fefb076000 	C:\Windows\system32\uxtheme.dll
0x000007fef96a0000 - 0x000007fef96c7000 	C:\Windows\system32\iphlpapi.dll
0x000007fef9680000 - 0x000007fef968b000 	C:\Windows\system32\WINNSI.DLL
0x000007fefbe60000 - 0x000007fefbebb000 	C:\Windows\system32\DNSAPI.dll
0x000007fef9470000 - 0x000007fef9481000 	C:\Windows\system32\dhcpcsvc6.DLL
0x000007fef9490000 - 0x000007fef94a8000 	C:\Windows\system32\dhcpcsvc.DLL
0x000000006fdd0000 - 0x000000006fdd3000 	C:\Windows\system32\icmp.Dll
0x000007fefc6e0000 - 0x000007fefc6ef000 	C:\Windows\system32\CRYPTBASE.dll
0x000000006d7f0000 - 0x000000006dda8000 	C:\Program Files\MATLAB\R2009b\sys\java\jre\win64\jre\bin\server\jvm.dll
0x000007fef2850000 - 0x000007fef288b000 	C:\Windows\system32\WINMM.dll
0x000000007ab10000 - 0x000000007ab1a000 	C:\Program Files\MATLAB\R2009b\sys\java\jre\win64\jre\bin\hpi.dll
0x000000007ab30000 - 0x000000007ab3e000 	C:\Program Files\MATLAB\R2009b\sys\java\jre\win64\jre\bin\verify.dll
0x0000000079090000 - 0x00000000790b7000 	C:\Program Files\MATLAB\R2009b\sys\java\jre\win64\jre\bin\java.dll
0x000000007ab40000 - 0x000000007ab52000 	C:\Program Files\MATLAB\R2009b\sys\java\jre\win64\jre\bin\zip.dll
0x0000000079010000 - 0x0000000079032000 	C:\Program Files\MATLAB\R2009b\bin\win64\nativejava.dll
0x0000000079040000 - 0x000000007906b000 	C:\Program Files\MATLAB\R2009b\bin\win64\nativejmi.dll
0x000000007c920000 - 0x000000007c927000 	C:\Program Files\MATLAB\R2009b\bin\win64\nativeservices.dll
0x000000007a2c0000 - 0x000000007a482000 	C:\Program Files\MATLAB\R2009b\sys\java\jre\win64\jre\bin\awt.dll
0x000000007ac10000 - 0x000000007ac7b000 	C:\Program Files\MATLAB\R2009b\sys\java\jre\win64\jre\bin\fontmanager.dll
0x00000000790c0000 - 0x00000000790d7000 	C:\Program Files\MATLAB\R2009b\sys\java\jre\win64\jre\bin\net.dll
0x000007fefbfe0000 - 0x000007fefc034000 	C:\Windows\system32\mswsock.dll
0x000007fefbfd0000 - 0x000007fefbfd7000 	C:\Windows\System32\wship6.dll
0x000000007ab20000 - 0x000000007ab2b000 	C:\Program Files\MATLAB\R2009b\sys\java\jre\win64\jre\bin\nio.dll
0x000007fefc040000 - 0x000007fefc057000 	C:\Windows\system32\CRYPTSP.dll
0x000007fefbd40000 - 0x000007fefbd87000 	C:\Windows\system32\rsaenh.dll
0x000007fefa6d0000 - 0x000007fefa6e5000 	C:\Windows\system32\NLAapi.dll
0x000007fef28f0000 - 0x000007fef28fb000 	C:\Windows\System32\winrnr.dll
0x000007fef28d0000 - 0x000007fef28e5000 	C:\Windows\system32\napinsp.dll
0x000007fef28b0000 - 0x000007fef28c9000 	C:\Windows\system32\pnrpnsp.dll

VM Arguments:
jvm_args: -Xss512k -XX:PermSize=32m -Xms64m -XX:NewRatio=3 -XX:MaxPermSize=128m -Xmx196m -XX:MaxDirectMemorySize=2147400000 -Dsun.java2d.noddraw=true -Dsun.awt.nopixfmt=true -Xshare:off -Xrs -Djava.library.path=C:\Program Files\MATLAB\R2009b\bin\win64 vfprintf abort 
java_command: <unknown>
Launcher Type: generic

Environment Variables:
PATH=C:\Windows\system32;C:\Windows;C:\Windows\System32\Wbem;C:\Windows\System32\WindowsPowerShell\v1.0\;C:\Program Files\ThinkPad\Bluetooth Software\;C:\Program Files\ThinkPad\Bluetooth Software\syswow64;elp ??ик??his item.;C:\Program Files\Intel\WiFi\bin\;C:\Program Files\Common Files\Intel\WirelessCommon\;C:\Program Files (x86)\ATI Technologies\ATI.ACE\Core-Static;C:\Program Files (x86)\Common Files\Lenovo;C:\Program Files (x86)\Common Files\Roxio Shared\10.0\DLLShared\;C:\Program Files (x86)\Common Files\Roxio Shared\DLLShared\;C:\Program Files (x86)\Lenovo\Access Connections\;C:\Program Files\Common Files\Lenovo;C:\Program Files (x86)\Lenovo\Client Security Solution;C:\Program Files\Lenovo\Client Security Solution;C:\Program Files\MATLAB\R2009b\runtime\win64;C:\Program Files\MATLAB\R2009b\bin
USERNAME=ZHANJIE LI
OS=Windows_NT
PROCESSOR_IDENTIFIER=Intel64 Family 6 Model 15 Stepping 10, GenuineIntel



---------------  S Y S T E M  ---------------

OS: Windows NT 6.1 Build 7600 

CPU:total 2 (2 cores per cpu, 1 threads per core) family 6 model 15 stepping 10, cmov, cx8, fxsr, mmx, sse, sse2, sse3, ssse3

Memory: 4k page, physical 4127024k(1044952k free), swap 8252152k(4471596k free)

vm_info: Java HotSpot(TM) 64-Bit Server VM (11.2-b01) for windows-amd64 JRE (1.6.0_12-b04), built on Jan 17 2009 01:49:05 by "java_re" with MS VC++ 8.0

time: Tue Mar 01 13:36:15 2011
elapsed time: 33 seconds

